<?xml version="1.0" encoding="UTF-8"?>
<!-- Generated by org.testng.reporters.JUnitXMLReporter -->
<testsuite hostname="DESKTOP-IGKLC0R" ignored="0" name="Test" tests="1" failures="1" timestamp="2020-09-23T22:18:20 PDT" time="117.307" errors="0">
  <testcase name="amzonProductPerchase" time="111.705" classname="com.amazon.AppTest">
    <failure type="java.lang.AssertionError" message="Search page product price is same as desscription product  price expected [true] but found [false]">
      <![CDATA[java.lang.AssertionError: Search page product price is same as desscription product  price expected [true] but found [false]
at com.amazon.AppTest.amzonProductPerchase(AppTest.java:73)
at java.util.ArrayList.forEach(ArrayList.java:1259)
... Removed 30 stack frames]]>
    </failure>
  </testcase> <!-- amzonProductPerchase -->
</testsuite> <!-- Test -->
